Device: cpu
ESM dims = 1280
Dropped rows with missing ESM: 4382 -> 4382
Data ready: 3535 rows | 222 curves | 198 species

=== UDE core model -- UTPC + constrained residual | full training ===
  [Warmup theta] Ep 01 | total 0.05174  (data 0.04842 | reg 0.00000 | mono 0.00000 | tail 0.06622)
  [Warmup theta] Ep 02 | total 0.04575  (data 0.04188 | reg 0.00000 | mono 0.00000 | tail 0.07748)
  [Warmup theta] Ep 03 | total 0.04618  (data 0.04258 | reg 0.00000 | mono 0.00000 | tail 0.07199)
  [Warmup theta] Ep 04 | total 0.04421  (data 0.04056 | reg 0.00000 | mono 0.00000 | tail 0.07309)
  [Warmup theta] Ep 05 | total 0.04449  (data 0.04102 | reg 0.00000 | mono 0.00000 | tail 0.06943)
  [Warmup theta] Ep 06 | total 0.04422  (data 0.04049 | reg 0.00000 | mono 0.00000 | tail 0.07460)
  [Warmup theta] Ep 07 | total 0.04428  (data 0.04055 | reg 0.00000 | mono 0.00000 | tail 0.07456)
  [Warmup theta] Ep 08 | total 0.04365  (data 0.03996 | reg 0.00000 | mono 0.00000 | tail 0.07364)
  [Warmup theta] Ep 09 | total 0.04360  (data 0.04014 | reg 0.00000 | mono 0.00000 | tail 0.06923)
  [Warmup theta] Ep 10 | total 0.04404  (data 0.04046 | reg 0.00000 | mono 0.00000 | tail 0.07149)
  [Warmup theta] Ep 11 | total 0.04341  (data 0.03981 | reg 0.00000 | mono 0.00000 | tail 0.07215)
  [Warmup theta] Ep 12 | total 0.04347  (data 0.03985 | reg 0.00000 | mono 0.00000 | tail 0.07232)
  [Warmup theta] Ep 13 | total 0.04344  (data 0.03990 | reg 0.00000 | mono 0.00000 | tail 0.07079)
  [Warmup theta] Ep 14 | total 0.04390  (data 0.04025 | reg 0.00000 | mono 0.00000 | tail 0.07295)
  [Warmup theta] Ep 15 | total 0.04396  (data 0.04044 | reg 0.00000 | mono 0.00000 | tail 0.07036)
  [Warmup theta] Ep 16 | total 0.04382  (data 0.04032 | reg 0.00000 | mono 0.00000 | tail 0.06999)
  [Warmup theta] Ep 17 | total 0.04307  (data 0.03957 | reg 0.00000 | mono 0.00000 | tail 0.07001)
  [Warmup theta] Ep 18 | total 0.04298  (data 0.03944 | reg 0.00000 | mono 0.00000 | tail 0.07072)
  [Warmup theta] Ep 19 | total 0.04272  (data 0.03913 | reg 0.00000 | mono 0.00000 | tail 0.07188)
  [Warmup theta] Ep 20 | total 0.04275  (data 0.03927 | reg 0.00000 | mono 0.00000 | tail 0.06961)
  [Warmup theta] Ep 21 | total 0.04368  (data 0.04011 | reg 0.00000 | mono 0.00000 | tail 0.07139)
  [Warmup theta] Ep 22 | total 0.04330  (data 0.03978 | reg 0.00000 | mono 0.00000 | tail 0.07026)
  [Warmup theta] Ep 23 | total 0.04273  (data 0.03925 | reg 0.00000 | mono 0.00000 | tail 0.06967)
  [Warmup theta] Ep 24 | total 0.04325  (data 0.03972 | reg 0.00000 | mono 0.00000 | tail 0.07059)
  [Warmup theta] Ep 25 | total 0.04320  (data 0.03967 | reg 0.00000 | mono 0.00000 | tail 0.07066)
  [Alt1 theta] Ep 01 | total 0.04295  (data 0.03947 | reg 0.00000 | mono 0.00000 | tail 0.06951)
  [Alt1 theta] Ep 02 | total 0.04315  (data 0.03949 | reg 0.00000 | mono 0.00000 | tail 0.07317)
  [Alt1 theta] Ep 03 | total 0.04356  (data 0.03992 | reg 0.00000 | mono 0.00000 | tail 0.07278)
  [Alt1 theta] Ep 04 | total 0.04312  (data 0.03967 | reg 0.00000 | mono 0.00000 | tail 0.06897)
  [Alt1 theta] Ep 05 | total 0.04332  (data 0.03967 | reg 0.00000 | mono 0.00000 | tail 0.07311)
  [Alt1 theta] Ep 06 | total 0.04297  (data 0.03944 | reg 0.00000 | mono 0.00000 | tail 0.07055)
  [Alt1 theta] Ep 07 | total 0.04324  (data 0.03975 | reg 0.00000 | mono 0.00000 | tail 0.06985)
  [Alt1 theta] Ep 08 | total 0.04305  (data 0.03941 | reg 0.00000 | mono 0.00000 | tail 0.07274)
  [Alt1 resid] Ep 01 | total 0.04260  (data 0.03930 | reg 0.00000 | mono 0.00000 | tail 0.06611)
  [Alt1 resid] Ep 02 | total 0.04271  (data 0.03951 | reg 0.00000 | mono 0.00000 | tail 0.06392)
  [Alt1 resid] Ep 03 | total 0.04287  (data 0.03963 | reg 0.00000 | mono 0.00000 | tail 0.06483)
  [Alt1 resid] Ep 04 | total 0.04310  (data 0.03981 | reg 0.00000 | mono 0.00000 | tail 0.06582)
  [Alt1 resid] Ep 05 | total 0.04292  (data 0.03966 | reg 0.00000 | mono 0.00000 | tail 0.06528)
  [Alt1 resid] Ep 06 | total 0.04285  (data 0.03958 | reg 0.00000 | mono 0.00000 | tail 0.06538)
  [Alt1 resid] Ep 07 | total 0.04289  (data 0.03952 | reg 0.00000 | mono 0.00000 | tail 0.06726)
  [Alt1 resid] Ep 08 | total 0.04306  (data 0.03974 | reg 0.00000 | mono 0.00000 | tail 0.06625)
  [Alt2 theta] Ep 01 | total 0.04341  (data 0.03975 | reg 0.00000 | mono 0.00000 | tail 0.07319)
  [Alt2 theta] Ep 02 | total 0.04309  (data 0.03955 | reg 0.00000 | mono 0.00000 | tail 0.07099)
  [Alt2 theta] Ep 03 | total 0.04284  (data 0.03936 | reg 0.00000 | mono 0.00000 | tail 0.06979)
  [Alt2 theta] Ep 04 | total 0.04280  (data 0.03916 | reg 0.00000 | mono 0.00000 | tail 0.07284)
  [Alt2 theta] Ep 05 | total 0.04344  (data 0.03996 | reg 0.00000 | mono 0.00000 | tail 0.06951)
  [Alt2 theta] Ep 06 | total 0.04317  (data 0.03966 | reg 0.00000 | mono 0.00000 | tail 0.07023)
  [Alt2 theta] Ep 07 | total 0.04334  (data 0.03963 | reg 0.00000 | mono 0.00000 | tail 0.07415)
  [Alt2 theta] Ep 08 | total 0.04306  (data 0.03951 | reg 0.00000 | mono 0.00000 | tail 0.07095)
  [Alt2 resid] Ep 01 | total 0.04269  (data 0.03923 | reg 0.00000 | mono 0.00000 | tail 0.06929)
  [Alt2 resid] Ep 02 | total 0.04319  (data 0.03967 | reg 0.00000 | mono 0.00000 | tail 0.07046)
  [Alt2 resid] Ep 03 | total 0.04258  (data 0.03907 | reg 0.00000 | mono 0.00000 | tail 0.07022)
  [Alt2 resid] Ep 04 | total 0.04269  (data 0.03915 | reg 0.00000 | mono 0.00000 | tail 0.07092)
  [Alt2 resid] Ep 05 | total 0.04243  (data 0.03894 | reg 0.00000 | mono 0.00000 | tail 0.06971)
  [Alt2 resid] Ep 06 | total 0.04293  (data 0.03944 | reg 0.00000 | mono 0.00000 | tail 0.06974)
  [Alt2 resid] Ep 07 | total 0.04309  (data 0.03949 | reg 0.00000 | mono 0.00000 | tail 0.07187)
  [Alt2 resid] Ep 08 | total 0.04297  (data 0.03943 | reg 0.00000 | mono 0.00000 | tail 0.07083)
  [Alt3 theta] Ep 01 | total 0.04312  (data 0.03956 | reg 0.00000 | mono 0.00000 | tail 0.07123)
  [Alt3 theta] Ep 02 | total 0.04300  (data 0.03937 | reg 0.00000 | mono 0.00000 | tail 0.07256)
  [Alt3 theta] Ep 03 | total 0.04280  (data 0.03938 | reg 0.00000 | mono 0.00000 | tail 0.06844)
  [Alt3 theta] Ep 04 | total 0.04303  (data 0.03957 | reg 0.00000 | mono 0.00000 | tail 0.06924)
  [Alt3 theta] Ep 05 | total 0.04284  (data 0.03932 | reg 0.00000 | mono 0.00000 | tail 0.07036)
  [Alt3 theta] Ep 06 | total 0.04326  (data 0.03959 | reg 0.00000 | mono 0.00000 | tail 0.07341)
  [Alt3 theta] Ep 07 | total 0.04370  (data 0.04007 | reg 0.00000 | mono 0.00000 | tail 0.07266)
  [Alt3 theta] Ep 08 | total 0.04293  (data 0.03930 | reg 0.00000 | mono 0.00000 | tail 0.07266)
  [Alt3 resid] Ep 01 | total 0.04296  (data 0.03972 | reg 0.00000 | mono 0.00000 | tail 0.06485)
  [Alt3 resid] Ep 02 | total 0.04295  (data 0.03961 | reg 0.00000 | mono 0.00000 | tail 0.06674)
  [Alt3 resid] Ep 03 | total 0.04266  (data 0.03942 | reg 0.00000 | mono 0.00000 | tail 0.06478)
  [Alt3 resid] Ep 04 | total 0.04257  (data 0.03932 | reg 0.00000 | mono 0.00000 | tail 0.06496)
  [Alt3 resid] Ep 05 | total 0.04270  (data 0.03942 | reg 0.00000 | mono 0.00000 | tail 0.06558)
  [Alt3 resid] Ep 06 | total 0.04242  (data 0.03920 | reg 0.00000 | mono 0.00000 | tail 0.06453)
  [Alt3 resid] Ep 07 | total 0.04252  (data 0.03926 | reg 0.00000 | mono 0.00000 | tail 0.06517)
  [Alt3 resid] Ep 08 | total 0.04260  (data 0.03932 | reg 0.00000 | mono 0.00000 | tail 0.06548)
  [Alt4 theta] Ep 01 | total 0.04264  (data 0.03917 | reg 0.00000 | mono 0.00000 | tail 0.06942)
  [Alt4 theta] Ep 02 | total 0.04343  (data 0.03983 | reg 0.00000 | mono 0.00000 | tail 0.07212)
  [Alt4 theta] Ep 03 | total 0.04286  (data 0.03933 | reg 0.00000 | mono 0.00000 | tail 0.07062)
  [Alt4 theta] Ep 04 | total 0.04258  (data 0.03894 | reg 0.00000 | mono 0.00000 | tail 0.07278)
  [Alt4 theta] Ep 05 | total 0.04265  (data 0.03926 | reg 0.00000 | mono 0.00000 | tail 0.06767)
  [Alt4 theta] Ep 06 | total 0.04309  (data 0.03945 | reg 0.00000 | mono 0.00000 | tail 0.07287)
  [Alt4 theta] Ep 07 | total 0.04313  (data 0.03947 | reg 0.00000 | mono 0.00000 | tail 0.07328)
  [Alt4 theta] Ep 08 | total 0.04279  (data 0.03930 | reg 0.00000 | mono 0.00000 | tail 0.06984)
  [Alt4 resid] Ep 01 | total 0.04239  (data 0.03903 | reg 0.00000 | mono 0.00000 | tail 0.06718)
  [Alt4 resid] Ep 02 | total 0.04253  (data 0.03919 | reg 0.00000 | mono 0.00000 | tail 0.06672)
  [Alt4 resid] Ep 03 | total 0.04300  (data 0.03965 | reg 0.00000 | mono 0.00000 | tail 0.06696)
  [Alt4 resid] Ep 04 | total 0.04234  (data 0.03900 | reg 0.00000 | mono 0.00000 | tail 0.06676)
  [Alt4 resid] Ep 05 | total 0.04291  (data 0.03954 | reg 0.00000 | mono 0.00000 | tail 0.06741)
  [Alt4 resid] Ep 06 | total 0.04254  (data 0.03916 | reg 0.00000 | mono 0.00000 | tail 0.06763)
  [Alt4 resid] Ep 07 | total 0.04281  (data 0.03945 | reg 0.00000 | mono 0.00000 | tail 0.06719)
  [Alt4 resid] Ep 08 | total 0.04254  (data 0.03924 | reg 0.00000 | mono 0.00000 | tail 0.06612)
  [Joint] Ep 01 | total 0.04312  (data 0.03961 | reg 0.00000 | mono 0.00000 | tail 0.07019)
  [Joint] Ep 02 | total 0.04299  (data 0.03950 | reg 0.00000 | mono 0.00000 | tail 0.06981)
  [Joint] Ep 03 | total 0.04294  (data 0.03942 | reg 0.00000 | mono 0.00000 | tail 0.07030)
  [Joint] Ep 04 | total 0.04287  (data 0.03936 | reg 0.00000 | mono 0.00000 | tail 0.07025)
  [Joint] Ep 05 | total 0.04290  (data 0.03942 | reg 0.00000 | mono 0.00000 | tail 0.06970)
  [Joint] Ep 06 | total 0.04295  (data 0.03954 | reg 0.00000 | mono 0.00000 | tail 0.06838)
  [Joint] Ep 07 | total 0.04295  (data 0.03950 | reg 0.00000 | mono 0.00000 | tail 0.06901)
  [Joint] Ep 08 | total 0.04267  (data 0.03925 | reg 0.00000 | mono 0.00000 | tail 0.06844)
  [Joint] Ep 09 | total 0.04291  (data 0.03939 | reg 0.00000 | mono 0.00000 | tail 0.07041)
  [Joint] Ep 10 | total 0.04287  (data 0.03932 | reg 0.00000 | mono 0.00000 | tail 0.07116)
  [Joint] Ep 11 | total 0.04284  (data 0.03926 | reg 0.00000 | mono 0.00000 | tail 0.07159)
  [Joint] Ep 12 | total 0.04300  (data 0.03948 | reg 0.00000 | mono 0.00000 | tail 0.07053)
  [Joint] Ep 13 | total 0.04306  (data 0.03954 | reg 0.00000 | mono 0.00000 | tail 0.07044)
  [Joint] Ep 14 | total 0.04302  (data 0.03950 | reg 0.00000 | mono 0.00000 | tail 0.07039)
  [Joint] Ep 15 | total 0.04285  (data 0.03935 | reg 0.00000 | mono 0.00000 | tail 0.07003)
  [Joint] Ep 16 | total 0.04264  (data 0.03921 | reg 0.00000 | mono 0.00000 | tail 0.06870)
  [Joint] Ep 17 | total 0.04282  (data 0.03923 | reg 0.00000 | mono 0.00000 | tail 0.07179)
  [Joint] Ep 18 | total 0.04283  (data 0.03926 | reg 0.00000 | mono 0.00000 | tail 0.07150)
  [Joint] Ep 19 | total 0.04304  (data 0.03960 | reg 0.00000 | mono 0.00000 | tail 0.06886)
  [Joint] Ep 20 | total 0.04280  (data 0.03931 | reg 0.00000 | mono 0.00000 | tail 0.06983)

Training complete, elapsed 1211.5s
Training log saved: D:\Microsoft VS Code\Chapter1\Github\Microbial-Growth-TPC-Predictor\Train\core_model_training_log.csv
Loss curve saved: D:\Microsoft VS Code\Chapter1\Github\Microbial-Growth-TPC-Predictor\Train\core_model_training_loss.png
Checkpoint saved: D:\Microsoft VS Code\Chapter1\Github\Microbial-Growth-TPC-Predictor\results\core_model_checkpoint.pt
Scaler saved: D:\Microsoft VS Code\Chapter1\Github\Microbial-Growth-TPC-Predictor\results\core_model_scaler.pkl

Done. Model files saved in: D:\Microsoft VS Code\Chapter1\Github\Microbial-Growth-TPC-Predictor\results
